java.lang.InterruptedException
	at java.lang.Object.wait(Native Method)
	at org.eclipse.core.internal.jobs.Semaphore.acquire(Semaphore.java:39)
	at org.eclipse.core.internal.jobs.JobManager.join(JobManager.java:861)
	at org.eclipse.core.internal.jobs.InternalJob.join(InternalJob.java:384)
	at org.eclipse.core.runtime.jobs.Job.join(Job.java:420)
	at org.eclipse.linuxtools.internal.cdt.libhover.LibHover.getFunctionInfo(LibHover.java:388)
	at org.eclipse.cdt.internal.ui.text.CHelpSettings.getFunctionInfo(CHelpSettings.java:121)
	at org.eclipse.cdt.internal.ui.CHelpProviderManager.getFunctionInfo(CHelpProviderManager.java:163)
	at org.eclipse.cdt.internal.ui.text.c.hover.CDocHover.getHoverInfo(CDocHover.java:81)
	at org.eclipse.cdt.internal.ui.text.c.hover.AbstractCEditorTextHover.getHoverInfo2(AbstractCEditorTextHover.java:84)
	at org.eclipse.cdt.internal.ui.text.c.hover.BestMatchHover.getHoverInfo2(BestMatchHover.java:144)
	at org.eclipse.cdt.internal.ui.text.c.hover.CEditorTextHoverProxy.getHoverInfo2(CEditorTextHoverProxy.java:84)
	at org.eclipse.jface.text.TextViewerHoverManager$4.run(TextViewerHoverManager.java:166)
java.lang.InterruptedException
	at java.lang.Object.wait(Native Method)
	at org.eclipse.core.internal.jobs.Semaphore.acquire(Semaphore.java:39)
	at org.eclipse.core.internal.jobs.JobManager.join(JobManager.java:861)
	at org.eclipse.core.internal.jobs.InternalJob.join(InternalJob.java:384)
	at org.eclipse.core.runtime.jobs.Job.join(Job.java:420)
	at org.eclipse.linuxtools.internal.cdt.libhover.LibHover.getFunctionInfo(LibHover.java:388)
	at org.eclipse.cdt.internal.ui.text.CHelpSettings.getFunctionInfo(CHelpSettings.java:121)
	at org.eclipse.cdt.internal.ui.CHelpProviderManager.getFunctionInfo(CHelpProviderManager.java:163)
	at org.eclipse.cdt.internal.ui.text.c.hover.CDocHover.getHoverInfo(CDocHover.java:81)
	at org.eclipse.cdt.internal.ui.text.c.hover.AbstractCEditorTextHover.getHoverInfo2(AbstractCEditorTextHover.java:84)
	at org.eclipse.cdt.internal.ui.text.c.hover.BestMatchHover.getHoverInfo2(BestMatchHover.java:144)
	at org.eclipse.cdt.internal.ui.text.c.hover.CEditorTextHoverProxy.getHoverInfo2(CEditorTextHoverProxy.java:84)
	at org.eclipse.jface.text.TextViewerHoverManager$4.run(TextViewerHoverManager.java:166)
