14:30:11 **** Incremental Build of configuration gcc-debug for project osg-earth ****
make MODE=debug CONFIGNAME=gcc-debug all 
Creating executable: out/gcc-debug//osg-earth
out/gcc-debug//ChannelController.o: In function `ChannelController::ChannelController()':
/home/ssamal/Downloads/omnetpp-5.0/samples/osg-earth/ChannelController.cc:24: undefined reference to `osgEarth::Symbology::Style::Style(std::__cxx11::basic_string<char, std::char_traits<char>, std::allocator<char> > const&)'
out/gcc-debug//ChannelController.o: In function `ChannelController::initialize(int)':
/home/ssamal/Downloads/omnetpp-5.0/samples/osg-earth/ChannelController.cc:76: undefined reference to `osgEarth::MapNode::findMapNode(osg::Node*, unsigned int)'
/home/ssamal/Downloads/omnetpp-5.0/samples/osg-earth/ChannelController.cc:77: undefined reference to `osgEarth::Symbology::Color::Color(std::__cxx11::basic_string<char, std::char_traits<char>, std::allocator<char> > const&, osgEarth::Symbology::Color::Format)'
/home/ssamal/Downloads/omnetpp-5.0/samples/osg-earth/ChannelController.cc:83: undefined reference to `osgEarth::MapNode::getMapSRS() const'
/home/ssamal/Downloads/omnetpp-5.0/samples/osg-earth/ChannelController.cc:83: undefined reference to `osgEarth::SpatialReference::getGeographicSRS() const'
/home/ssamal/Downloads/omnetpp-5.0/samples/osg-earth/ChannelController.cc:84: undefined reference to `osgEarth::Symbology::Style::Style(std::__cxx11::basic_string<char, std::char_traits<char>, std::allocator<char> > const&)'
/home/ssamal/Downloads/omnetpp-5.0/samples/osg-earth/ChannelController.cc:84: undefined reference to `osgEarth::Features::Feature::Feature(osgEarth::Symbology::Geometry*, osgEarth::SpatialReference const*, osgEarth::Symbology::Style const&, unsigned long)'
/home/ssamal/Downloads/omnetpp-5.0/samples/osg-earth/ChannelController.cc:84: undefined reference to `osgEarth::Symbology::Style::Style(std::__cxx11::basic_string<char, std::char_traits<char>, std::allocator<char> > const&)'
/home/ssamal/Downloads/omnetpp-5.0/samples/osg-earth/ChannelController.cc:84: undefined reference to `osgEarth::Features::GeometryCompilerOptions::GeometryCompilerOptions(osgEarth::ConfigOptions const&)'
/home/ssamal/Downloads/omnetpp-5.0/samples/osg-earth/ChannelController.cc:84: undefined reference to `osgEarth::Annotation::FeatureNode::FeatureNode(osgEarth::MapNode*, osgEarth::Features::Feature*, osgEarth::Symbology::Style const&, osgEarth::Features::GeometryCompilerOptions const&)'
/home/ssamal/Downloads/omnetpp-5.0/samples/osg-earth/ChannelController.cc:84: undefined reference to `osgEarth::ConfigOptions::~ConfigOptions()'
/home/ssamal/Downloads/omnetpp-5.0/samples/osg-earth/ChannelController.cc:84: undefined reference to `osgEarth::Config::~Config()'
/home/ssamal/Downloads/omnetpp-5.0/samples/osg-earth/ChannelController.cc:85: undefined reference to `osg::Node::getOrCreateStateSet()'
Makefile:116: recipe for target 'out/gcc-debug//osg-earth' failed
/home/ssamal/Downloads/omnetpp-5.0/samples/osg-earth/ChannelController.cc:85: undefined reference to `osg::StateSet::setRenderingHint(int)'
/home/ssamal/Downloads/omnetpp-5.0/samples/osg-earth/ChannelController.cc:86: undefined reference to `osgEarth::MapNode::getModelLayerGroup() const'
/home/ssamal/Downloads/omnetpp-5.0/samples/osg-earth/ChannelController.cc:84: undefined reference to `osgEarth::ConfigOptions::~ConfigOptions()'
/home/ssamal/Downloads/omnetpp-5.0/samples/osg-earth/ChannelController.cc:84: undefined reference to `osgEarth::Config::~Config()'
out/gcc-debug//ChannelController.o: In function `ChannelController::refreshDisplay() const':
/home/ssamal/Downloads/omnetpp-5.0/samples/osg-earth/ChannelController.cc:97: undefined reference to `osgEarth::MapNode::getMapSRS() const'
/home/ssamal/Downloads/omnetpp-5.0/samples/osg-earth/ChannelController.cc:97: undefined reference to `osgEarth::SpatialReference::getGeographicSRS() const'
/home/ssamal/Downloads/omnetpp-5.0/samples/osg-earth/ChannelController.cc:114: undefined reference to `osgEarth::Features::Feature::Feature(osgEarth::Symbology::Geometry*, osgEarth::SpatialReference const*, osgEarth::Symbology::Style const&, unsigned long)'
/home/ssamal/Downloads/omnetpp-5.0/samples/osg-earth/ChannelController.cc:116: undefined reference to `osgEarth::Annotation::FeatureNode::setFeature(osgEarth::Features::Feature*)'
out/gcc-debug//ChannelController.o: In function `osg::Referenced::unref() const':
/usr/include/osg/Referenced:198: undefined reference to `osg::Referenced::signalObserversAndDelete(bool, bool) const'
out/gcc-debug//ChannelController.o: In function `osgEarth::Config::Config()':
/usr/include/osgEarth/Config:57: undefined reference to `vtable for osgEarth::Config'
out/gcc-debug//ChannelController.o: In function `osgEarth::Config::Config(osgEarth::Config const&)':
/usr/include/osgEarth/Config:66: undefined reference to `vtable for osgEarth::Config'
out/gcc-debug//ChannelController.o: In function `osgEarth::ConfigOptions::ConfigOptions(osgEarth::Config const&)':
/usr/include/osgEarth/Config:470: undefined reference to `vtable for osgEarth::ConfigOptions'
out/gcc-debug//ChannelController.o: In function `osgEarth::Symbology::Style::~Style()':
/usr/include/osgEarthSymbology/Style:65: undefined reference to `vtable for osgEarth::Symbology::Style'
out/gcc-debug//ChannelController.o: In function `osgEarth::Symbology::LineString::LineString(int)':
/usr/include/osgEarthSymbology/Geometry:249: undefined reference to `osgEarth::Symbology::Geometry::Geometry(int)'
/usr/include/osgEarthSymbology/Geometry:249: undefined reference to `vtable for osgEarth::Symbology::LineString'
out/gcc-debug//ChannelController.o: In function `osgEarth::Symbology::MultiGeometry::MultiGeometry()':
/usr/include/osgEarthSymbology/Geometry:353: undefined reference to `osgEarth::Symbology::Geometry::Geometry(int)'
/usr/include/osgEarthSymbology/Geometry:353: undefined reference to `vtable for osgEarth::Symbology::MultiGeometry'
out/gcc-debug//ChannelController.o: In function `osgEarth::Features::Feature::geoInterp()':
/usr/include/osgEarthFeatures/Feature:218: undefined reference to `osgEarth::Features::Feature::dirty()'
out/gcc-debug//ChannelController.o: In function `osgEarth::Features::GeometryCompilerOptions::~GeometryCompilerOptions()':
/usr/include/osgEarthFeatures/GeometryCompiler:45: undefined reference to `vtable for osgEarth::Features::GeometryCompilerOptions'
/usr/include/osgEarthFeatures/GeometryCompiler:45: undefined reference to `osgEarth::ConfigOptions::~ConfigOptions()'
out/gcc-debug//ChannelController.o: In function `osg::observer_ptr<osgEarth::MapNode>::observer_ptr(osgEarth::MapNode*)':
/usr/include/osg/observer_ptr:59: undefined reference to `osg::Referenced::getOrCreateObserverSet() const'
out/gcc-debug//ChannelController.o: In function `osg::observer_ptr<osgEarth::MapNode>::operator=(osgEarth::MapNode*)':
/usr/include/osg/observer_ptr:91: undefined reference to `osg::Referenced::getOrCreateObserverSet() const'
out/gcc-debug//ChannelController.o: In function `osgEarth::Symbology::LineSymbol* osgEarth::Symbology::Style::getOrCreateSymbol<osgEarth::Symbology::LineSymbol>()':
/usr/include/osgEarthSymbology/Style:139: undefined reference to `osgEarth::Symbology::LineSymbol::LineSymbol(osgEarth::Config const&)'
/usr/include/osgEarthSymbology/Style:139: undefined reference to `osgEarth::Config::~Config()'
/usr/include/osgEarthSymbology/Style:140: undefined reference to `osgEarth::Symbology::Style::addSymbol(osgEarth::Symbology::Symbol*)'
/usr/include/osgEarthSymbology/Style:139: undefined reference to `osgEarth::Config::~Config()'
out/gcc-debug//ChannelController.o: In function `osgEarth::Symbology::AltitudeSymbol* osgEarth::Symbology::Style::getOrCreateSymbol<osgEarth::Symbology::AltitudeSymbol>()':
/usr/include/osgEarthSymbology/Style:139: undefined reference to `osgEarth::Symbology::AltitudeSymbol::AltitudeSymbol(osgEarth::Config const&)'
/usr/include/osgEarthSymbology/Style:139: undefined reference to `osgEarth::Config::~Config()'
/usr/include/osgEarthSymbology/Style:140: undefined reference to `osgEarth::Symbology::Style::addSymbol(osgEarth::Symbology::Symbol*)'
/usr/include/osgEarthSymbology/Style:139: undefined reference to `osgEarth::Config::~Config()'
out/gcc-debug//ChannelController.o: In function `osgEarth::Symbology::LineSymbol* osgEarth::Symbology::Style::getSymbol<osgEarth::Symbology::LineSymbol>()':
/usr/include/osgEarthSymbology/Style:104: undefined reference to `typeinfo for osgEarth::Symbology::LineSymbol'
/usr/include/osgEarthSymbology/Style:104: undefined reference to `typeinfo for osgEarth::Symbology::Symbol'
out/gcc-debug//ChannelController.o: In function `osgEarth::Symbology::AltitudeSymbol* osgEarth::Symbology::Style::getSymbol<osgEarth::Symbology::AltitudeSymbol>()':
/usr/include/osgEarthSymbology/Style:104: undefined reference to `typeinfo for osgEarth::Symbology::AltitudeSymbol'
/usr/include/osgEarthSymbology/Style:104: undefined reference to `typeinfo for osgEarth::Symbology::Symbol'
out/gcc-debug//OsgEarthScene.o: In function `OsgEarthScene::initialize()':
/home/ssamal/Downloads/omnetpp-5.0/samples/osg-earth/OsgEarthScene.cc:53: undefined reference to `osgEarth::MapNode::findMapNode(osg::Node*, unsigned int)'
/home/ssamal/Downloads/omnetpp-5.0/samples/osg-earth/OsgEarthScene.cc:57: undefined reference to `osgEarth::MapNode::getMapSRS() const'
/home/ssamal/Downloads/omnetpp-5.0/samples/osg-earth/OsgEarthScene.cc:57: undefined reference to `osgEarth::SpatialReference::getGeographicSRS() const'
/home/ssamal/Downloads/omnetpp-5.0/samples/osg-earth/OsgEarthScene.cc:60: undefined reference to `osgEarth::Viewpoint::Viewpoint(char const*, double, double, double, double, double, double)'
/home/ssamal/Downloads/omnetpp-5.0/samples/osg-earth/OsgEarthScene.cc:60: undefined reference to `omnetpp::cOsgCanvas::setEarthViewpoint(osgEarth::Viewpoint const&)'
/home/ssamal/Downloads/omnetpp-5.0/samples/osg-earth/OsgEarthScene.cc:66: undefined reference to `osgEarth::Symbology::Style::Style(std::__cxx11::basic_string<char, std::char_traits<char>, std::allocator<char> > const&)'
/home/ssamal/Downloads/omnetpp-5.0/samples/osg-earth/OsgEarthScene.cc:67: undefined reference to `osgEarth::Symbology::Color::Black'
/home/ssamal/Downloads/omnetpp-5.0/samples/osg-earth/OsgEarthScene.cc:67: undefined reference to `osgEarth::Symbology::Color::Color(osgEarth::Symbology::Color const&, float)'
/home/ssamal/Downloads/omnetpp-5.0/samples/osg-earth/OsgEarthScene.cc:72: undefined reference to `osgEarth::GeoPoint::GeoPoint(osgEarth::SpatialReference const*, double, double)'
/home/ssamal/Downloads/omnetpp-5.0/samples/osg-earth/OsgEarthScene.cc:73: undefined reference to `osgEarth::Units::METERS'
/home/ssamal/Downloads/omnetpp-5.0/samples/osg-earth/OsgEarthScene.cc:74: undefined reference to `osgEarth::Units::METERS'
/home/ssamal/Downloads/omnetpp-5.0/samples/osg-earth/OsgEarthScene.cc:75: undefined reference to `osgEarth::Annotation::RectangleNode::RectangleNode(osgEarth::MapNode*, osgEarth::GeoPoint const&, osgEarth::Distance const&, osgEarth::Distance const&, osgEarth::Symbology::Style const&)'
/home/ssamal/Downloads/omnetpp-5.0/samples/osg-earth/OsgEarthScene.cc:76: undefined reference to `osgEarth::MapNode::getModelLayerGroup() const'
out/gcc-debug//OsgEarthScene.o: In function `osgDB::readNodeFile(std::__cxx11::basic_string<char, std::char_traits<char>, std::allocator<char> > const&)':
/usr/include/osgDB/ReadFile:122: undefined reference to `osgDB::Registry::instance(bool)'
/usr/include/osgDB/ReadFile:122: undefined reference to `osgDB::readNodeFile(std::__cxx11::basic_string<char, std::char_traits<char>, std::allocator<char> > const&, osgDB::Options const*)'
out/gcc-debug//OsgEarthScene.o: In function `osgEarth::Angle::asParseableString[abi:cxx11]() const':
/usr/include/osgEarth/Units:308: undefined reference to `osgEarth::Units::DEGREES'
out/gcc-debug//OsgEarthScene.o: In function `osgEarth::Symbology::PolygonSymbol* osgEarth::Symbology::Style::getOrCreateSymbol<osgEarth::Symbology::PolygonSymbol>()':
/usr/include/osgEarthSymbology/Style:139: undefined reference to `osgEarth::Symbology::PolygonSymbol::PolygonSymbol(osgEarth::Config const&)'
/usr/include/osgEarthSymbology/Style:139: undefined reference to `osgEarth::Config::~Config()'
/usr/include/osgEarthSymbology/Style:140: undefined reference to `osgEarth::Symbology::Style::addSymbol(osgEarth::Symbology::Symbol*)'
/usr/include/osgEarthSymbology/Style:139: undefined reference to `osgEarth::Config::~Config()'
out/gcc-debug//OsgEarthScene.o: In function `osgEarth::Symbology::PolygonSymbol* osgEarth::Symbology::Style::getSymbol<osgEarth::Symbology::PolygonSymbol>()':
/usr/include/osgEarthSymbology/Style:104: undefined reference to `typeinfo for osgEarth::Symbology::PolygonSymbol'
/usr/include/osgEarthSymbology/Style:104: undefined reference to `typeinfo for osgEarth::Symbology::Symbol'
out/gcc-debug//RambleNode.o: In function `RambleNode::initialize(int)::AnimationManagerFinder::AnimationManagerFinder()':
/home/ssamal/Downloads/omnetpp-5.0/samples/osg-earth/RambleNode.cc:70: undefined reference to `osg::NodeVisitor::NodeVisitor(osg::NodeVisitor::TraversalMode)'
/home/ssamal/Downloads/omnetpp-5.0/samples/osg-earth/RambleNode.cc:70: undefined reference to `osg::Object::~Object()'
out/gcc-debug//RambleNode.o: In function `RambleNode::initialize(int)::AnimationManagerFinder::apply(osg::Node&)':
/home/ssamal/Downloads/omnetpp-5.0/samples/osg-earth/RambleNode.cc:73: undefined reference to `typeinfo for osgAnimation::AnimationManagerBase'
/home/ssamal/Downloads/omnetpp-5.0/samples/osg-earth/RambleNode.cc:74: undefined reference to `osgAnimation::BasicAnimationManager::BasicAnimationManager(osgAnimation::AnimationManagerBase const&, osg::CopyOp const&)'
out/gcc-debug//RambleNode.o: In function `RambleNode::initialize(int)':
/home/ssamal/Downloads/omnetpp-5.0/samples/osg-earth/RambleNode.cc:48: undefined reference to `osg::Node::getOrCreateStateSet()'
/home/ssamal/Downloads/omnetpp-5.0/samples/osg-earth/RambleNode.cc:49: undefined reference to `osg::StateSet::setMode(unsigned int, unsigned int)'
/home/ssamal/Downloads/omnetpp-5.0/samples/osg-earth/RambleNode.cc:50: undefined reference to `osg::Depth::Depth(osg::Depth::Function, double, double, bool)'
/home/ssamal/Downloads/omnetpp-5.0/samples/osg-earth/RambleNode.cc:52: undefined reference to `osg::StateSet::setAttributeAndModes(osg::StateAttribute*, unsigned int)'
/home/ssamal/Downloads/omnetpp-5.0/samples/osg-earth/RambleNode.cc:53: undefined reference to `osg::StateSet::setRenderingHint(int)'
/home/ssamal/Downloads/omnetpp-5.0/samples/osg-earth/RambleNode.cc:58: undefined reference to `osg::Material::Material()'
/home/ssamal/Downloads/omnetpp-5.0/samples/osg-earth/RambleNode.cc:59: undefined reference to `osg::Material::setEmission(osg::Material::Face, osg::Vec4f const&)'
/home/ssamal/Downloads/omnetpp-5.0/samples/osg-earth/RambleNode.cc:60: undefined reference to `osg::Material::setDiffuse(osg::Material::Face, osg::Vec4f const&)'
/home/ssamal/Downloads/omnetpp-5.0/samples/osg-earth/RambleNode.cc:61: undefined reference to `osg::Material::setAmbient(osg::Material::Face, osg::Vec4f const&)'
/home/ssamal/Downloads/omnetpp-5.0/samples/osg-earth/RambleNode.cc:62: undefined reference to `osg::Material::setAlpha(osg::Material::Face, float)'
/home/ssamal/Downloads/omnetpp-5.0/samples/osg-earth/RambleNode.cc:63: undefined reference to `osg::StateSet::setAttributeAndModes(osg::StateAttribute*, unsigned int)'
/home/ssamal/Downloads/omnetpp-5.0/samples/osg-earth/RambleNode.cc:88: undefined reference to `osg::Node::setUpdateCallback(osg::Callback*)'
/home/ssamal/Downloads/omnetpp-5.0/samples/osg-earth/RambleNode.cc:96: undefined reference to `osgAnimation::Animation::setDuration(double)'
out/gcc-debug//RambleNode.o: In function `RambleNode::transmit()':
/home/ssamal/Downloads/omnetpp-5.0/samples/osg-earth/RambleNode.cc:139: undefined reference to `osgAnimation::BasicAnimationManager::playAnimation(osgAnimation::Animation*, int, float)'
out/gcc-debug//RambleNode.o: In function `RambleNode::initialize(int)::AnimationManagerFinder::~AnimationManagerFinder()':
/home/ssamal/Downloads/omnetpp-5.0/samples/osg-earth/RambleNode.cc:68: undefined reference to `osg::NodeVisitor::~NodeVisitor()'
/home/ssamal/Downloads/omnetpp-5.0/samples/osg-earth/RambleNode.cc:68: undefined reference to `osg::Object::~Object()'
out/gcc-debug//RambleNode.o: In function `osg::CopyOp::CopyOp(unsigned int)':
/usr/include/osg/CopyOp:66: undefined reference to `vtable for osg::CopyOp'
out/gcc-debug//RambleNode.o: In function `osg::CopyOp::~CopyOp()':
/usr/include/osg/CopyOp:67: undefined reference to `vtable for osg::CopyOp'
out/gcc-debug//RambleNode.o: In function `osg::Object::Object()':
/usr/include/osg/Object:65: undefined reference to `osg::Referenced::Referenced()'
/usr/include/osg/Object:65: undefined reference to `vtable for osg::Object'
out/gcc-debug//RambleNode.o: In function `osg::NodeVisitor::cloneType() const':
/usr/include/osg/NodeVisitor:97: undefined reference to `osg::NodeVisitor::NodeVisitor(osg::NodeVisitor::TraversalMode)'
out/gcc-debug//RambleNode.o: In function `osg::NodeVisitor::clone(osg::CopyOp const&) const':
/usr/include/osg/NodeVisitor:97: undefined reference to `osg::NodeVisitor::NodeVisitor(osg::NodeVisitor const&, osg::CopyOp const&)'
out/gcc-debug//RambleNode.o: In function `osg::NodeVisitor::isSameKindAs(osg::Object const*) const':
/usr/include/osg/NodeVisitor:97: undefined reference to `typeinfo for osg::NodeVisitor'
/usr/include/osg/NodeVisitor:97: undefined reference to `typeinfo for osg::Object'
out/gcc-debug//RambleNode.o:(.data.rel.ro+0x90): undefined reference to `osg::NodeVisitor::apply(osg::Drawable&)'
out/gcc-debug//RambleNode.o:(.data.rel.ro+0x98): undefined reference to `osg::NodeVisitor::apply(osg::Geometry&)'
out/gcc-debug//RambleNode.o:(.data.rel.ro+0xa8): undefined reference to `osg::NodeVisitor::apply(osg::Geode&)'
out/gcc-debug//RambleNode.o:(.data.rel.ro+0xb0): undefined reference to `osg::NodeVisitor::apply(osg::Billboard&)'
out/gcc-debug//RambleNode.o:(.data.rel.ro+0xb8): undefined reference to `osg::NodeVisitor::apply(osg::Group&)'
out/gcc-debug//RambleNode.o:(.data.rel.ro+0xc0): undefined reference to `osg::NodeVisitor::apply(osg::ProxyNode&)'
out/gcc-debug//RambleNode.o:(.data.rel.ro+0xc8): undefined reference to `osg::NodeVisitor::apply(osg::Projection&)'
out/gcc-debug//RambleNode.o:(.data.rel.ro+0xd0): undefined reference to `osg::NodeVisitor::apply(osg::CoordinateSystemNode&)'
out/gcc-debug//RambleNode.o:(.data.rel.ro+0xd8): undefined reference to `osg::NodeVisitor::apply(osg::ClipNode&)'
out/gcc-debug//RambleNode.o:(.data.rel.ro+0xe0): undefined reference to `osg::NodeVisitor::apply(osg::TexGenNode&)'
out/gcc-debug//RambleNode.o:(.data.rel.ro+0xe8): undefined reference to `osg::NodeVisitor::apply(osg::LightSource&)'
out/gcc-debug//RambleNode.o:(.data.rel.ro+0xf0): undefined reference to `osg::NodeVisitor::apply(osg::Transform&)'
out/gcc-debug//RambleNode.o:(.data.rel.ro+0xf8): undefined reference to `osg::NodeVisitor::apply(osg::Camera&)'
out/gcc-debug//RambleNode.o:(.data.rel.ro+0x100): undefined reference to `osg::NodeVisitor::apply(osg::CameraView&)'
out/gcc-debug//RambleNode.o:(.data.rel.ro+0x108): undefined reference to `osg::NodeVisitor::apply(osg::MatrixTransform&)'
out/gcc-debug//RambleNode.o:(.data.rel.ro+0x110): undefined reference to `osg::NodeVisitor::apply(osg::PositionAttitudeTransform&)'
out/gcc-debug//RambleNode.o:(.data.rel.ro+0x118): undefined reference to `osg::NodeVisitor::apply(osg::Switch&)'
out/gcc-debug//RambleNode.o:(.data.rel.ro+0x120): undefined reference to `osg::NodeVisitor::apply(osg::Sequence&)'
out/gcc-debug//RambleNode.o:(.data.rel.ro+0x128): undefined reference to `osg::NodeVisitor::apply(osg::LOD&)'
out/gcc-debug//RambleNode.o:(.data.rel.ro+0x130): undefined reference to `osg::NodeVisitor::apply(osg::PagedLOD&)'
out/gcc-debug//RambleNode.o:(.data.rel.ro+0x138): undefined reference to `osg::NodeVisitor::apply(osg::ClearNode&)'
out/gcc-debug//RambleNode.o:(.data.rel.ro+0x140): undefined reference to `osg::NodeVisitor::apply(osg::OccluderNode&)'
out/gcc-debug//RambleNode.o:(.data.rel.ro+0x148): undefined reference to `osg::NodeVisitor::apply(osg::OcclusionQueryNode&)'
out/gcc-debug//RambleNode.o:(.data.rel.ro+0x210): undefined reference to `osg::Object::setThreadSafeRefUnref(bool)'
out/gcc-debug//RambleNode.o:(.data.rel.ro+0x2a0): undefined reference to `osg::Object::setUserData(osg::Referenced*)'
out/gcc-debug//RambleNode.o:(.data.rel.ro+0x2a8): undefined reference to `osg::Object::getUserData()'
out/gcc-debug//RambleNode.o:(.data.rel.ro+0x2b0): undefined reference to `osg::Object::getUserData() const'
out/gcc-debug//RambleNode.o:(.data.rel.ro+0x2d8): undefined reference to `typeinfo for osg::NodeVisitor'
out/gcc-debug//RambleNode.o:(.data.rel.ro+0x358): undefined reference to `osg::NodeVisitor::apply(osg::Drawable&)'
out/gcc-debug//RambleNode.o:(.data.rel.ro+0x360): undefined reference to `osg::NodeVisitor::apply(osg::Geometry&)'
out/gcc-debug//RambleNode.o:(.data.rel.ro+0x368): undefined reference to `osg::NodeVisitor::apply(osg::Node&)'
out/gcc-debug//RambleNode.o:(.data.rel.ro+0x370): undefined reference to `osg::NodeVisitor::apply(osg::Geode&)'
out/gcc-debug//RambleNode.o:(.data.rel.ro+0x378): undefined reference to `osg::NodeVisitor::apply(osg::Billboard&)'
out/gcc-debug//RambleNode.o:(.data.rel.ro+0x380): undefined reference to `osg::NodeVisitor::apply(osg::Group&)'
out/gcc-debug//RambleNode.o:(.data.rel.ro+0x388): undefined reference to `osg::NodeVisitor::apply(osg::ProxyNode&)'
out/gcc-debug//RambleNode.o:(.data.rel.ro+0x390): undefined reference to `osg::NodeVisitor::apply(osg::Projection&)'
out/gcc-debug//RambleNode.o:(.data.rel.ro+0x398): undefined reference to `osg::NodeVisitor::apply(osg::CoordinateSystemNode&)'
out/gcc-debug//RambleNode.o:(.data.rel.ro+0x3a0): undefined reference to `osg::NodeVisitor::apply(osg::ClipNode&)'
out/gcc-debug//RambleNode.o:(.data.rel.ro+0x3a8): undefined reference to `osg::NodeVisitor::apply(osg::TexGenNode&)'
out/gcc-debug//RambleNode.o:(.data.rel.ro+0x3b0): undefined reference to `osg::NodeVisitor::apply(osg::LightSource&)'
out/gcc-debug//RambleNode.o:(.data.rel.ro+0x3b8): undefined reference to `osg::NodeVisitor::apply(osg::Transform&)'
out/gcc-debug//RambleNode.o:(.data.rel.ro+0x3c0): undefined reference to `osg::NodeVisitor::apply(osg::Camera&)'
out/gcc-debug//RambleNode.o:(.data.rel.ro+0x3c8): undefined reference to `osg::NodeVisitor::apply(osg::CameraView&)'
out/gcc-debug//RambleNode.o:(.data.rel.ro+0x3d0): undefined reference to `osg::NodeVisitor::apply(osg::MatrixTransform&)'
out/gcc-debug//RambleNode.o:(.data.rel.ro+0x3d8): undefined reference to `osg::NodeVisitor::apply(osg::PositionAttitudeTransform&)'
out/gcc-debug//RambleNode.o:(.data.rel.ro+0x3e0): undefined reference to `osg::NodeVisitor::apply(osg::Switch&)'
out/gcc-debug//RambleNode.o:(.data.rel.ro+0x3e8): undefined reference to `osg::NodeVisitor::apply(osg::Sequence&)'
out/gcc-debug//RambleNode.o:(.data.rel.ro+0x3f0): undefined reference to `osg::NodeVisitor::apply(osg::LOD&)'
out/gcc-debug//RambleNode.o:(.data.rel.ro+0x3f8): undefined reference to `osg::NodeVisitor::apply(osg::PagedLOD&)'
out/gcc-debug//RambleNode.o:(.data.rel.ro+0x400): undefined reference to `osg::NodeVisitor::apply(osg::ClearNode&)'
out/gcc-debug//RambleNode.o:(.data.rel.ro+0x408): undefined reference to `osg::NodeVisitor::apply(osg::OccluderNode&)'
out/gcc-debug//RambleNode.o:(.data.rel.ro+0x410): undefined reference to `osg::NodeVisitor::apply(osg::OcclusionQueryNode&)'
out/gcc-debug//RambleNode.o:(.data.rel.ro+0x4d0): undefined reference to `typeinfo for osg::NodeVisitor'
out/gcc-debug//RambleNode.o:(.data.rel.ro+0x4d8): undefined reference to `osg::Object::setThreadSafeRefUnref(bool)'
out/gcc-debug//RambleNode.o:(.data.rel.ro+0x568): undefined reference to `osg::Object::setUserData(osg::Referenced*)'
out/gcc-debug//RambleNode.o:(.data.rel.ro+0x570): undefined reference to `osg::Object::getUserData()'
out/gcc-debug//RambleNode.o:(.data.rel.ro+0x578): undefined reference to `osg::Object::getUserData() const'
out/gcc-debug//RambleNode.o:(.data.rel.ro+0x5a0): undefined reference to `typeinfo for osg::NodeVisitor'
out/gcc-debug//RambleNode.o:(.data.rel.ro._ZTIN3osg8CallbackE[_ZTIN3osg8CallbackE]+0x18): undefined reference to `typeinfo for osg::Object'
out/gcc-debug//MobileNode.o: In function `MobileNode::MobileNode()':
/home/ssamal/Downloads/omnetpp-5.0/samples/osg-earth/MobileNode.cc:28: undefined reference to `osgEarth::Symbology::Style::Style(std::__cxx11::basic_string<char, std::char_traits<char>, std::allocator<char> > const&)'
out/gcc-debug//MobileNode.o: In function `MobileNode::initialize(int)':
/home/ssamal/Downloads/omnetpp-5.0/samples/osg-earth/MobileNode.cc:54: undefined reference to `osgEarth::MapNode::findMapNode(osg::Node*, unsigned int)'
/home/ssamal/Downloads/omnetpp-5.0/samples/osg-earth/MobileNode.cc:58: undefined reference to `osgEarth::MapNode::getMap()'
/home/ssamal/Downloads/omnetpp-5.0/samples/osg-earth/MobileNode.cc:58: undefined reference to `osgEarth::Util::ObjectLocatorNode::ObjectLocatorNode(osgEarth::Map const*)'
/home/ssamal/Downloads/omnetpp-5.0/samples/osg-earth/MobileNode.cc:65: undefined reference to `osg::Program::Program()'
/home/ssamal/Downloads/omnetpp-5.0/samples/osg-earth/MobileNode.cc:64: undefined reference to `osg::Node::getOrCreateStateSet()'
/home/ssamal/Downloads/omnetpp-5.0/samples/osg-earth/MobileNode.cc:66: undefined reference to `osg::StateSet::setAttributeAndModes(osg::StateAttribute*, unsigned int)'
/home/ssamal/Downloads/omnetpp-5.0/samples/osg-earth/MobileNode.cc:67: undefined reference to `osg::Node::getOrCreateStateSet()'
/home/ssamal/Downloads/omnetpp-5.0/samples/osg-earth/MobileNode.cc:67: undefined reference to `osg::StateSet::setMode(unsigned int, unsigned int)'
/home/ssamal/Downloads/omnetpp-5.0/samples/osg-earth/MobileNode.cc:71: undefined reference to `osgEarth::Symbology::Color::Color(std::__cxx11::basic_string<char, std::char_traits<char>, std::allocator<char> > const&, osgEarth::Symbology::Color::Format)'
/home/ssamal/Downloads/omnetpp-5.0/samples/osg-earth/MobileNode.cc:72: undefined reference to `osg::Material::Material()'
/home/ssamal/Downloads/omnetpp-5.0/samples/osg-earth/MobileNode.cc:73: undefined reference to `osg::Material::setAmbient(osg::Material::Face, osg::Vec4f const&)'
/home/ssamal/Downloads/omnetpp-5.0/samples/osg-earth/MobileNode.cc:74: undefined reference to `osg::Material::setDiffuse(osg::Material::Face, osg::Vec4f const&)'
/home/ssamal/Downloads/omnetpp-5.0/samples/osg-earth/MobileNode.cc:75: undefined reference to `osg::Material::setAlpha(osg::Material::Face, float)'
/home/ssamal/Downloads/omnetpp-5.0/samples/osg-earth/MobileNode.cc:76: undefined reference to `osg::Node::getOrCreateStateSet()'
/home/ssamal/Downloads/omnetpp-5.0/samples/osg-earth/MobileNode.cc:76: undefined reference to `osg::StateSet::setAttribute(osg::StateAttribute*, unsigned int)'
/home/ssamal/Downloads/omnetpp-5.0/samples/osg-earth/MobileNode.cc:85: undefined reference to `osgEarth::Symbology::Style::Style(std::__cxx11::basic_string<char, std::char_traits<char>, std::allocator<char> > const&)'
/home/ssamal/Downloads/omnetpp-5.0/samples/osg-earth/MobileNode.cc:89: undefined reference to `osgEarth::Symbology::Color::Color(std::__cxx11::basic_string<char, std::char_traits<char>, std::allocator<char> > const&, osgEarth::Symbology::Color::Format)'
/home/ssamal/Downloads/omnetpp-5.0/samples/osg-earth/MobileNode.cc:90: undefined reference to `osgEarth::Annotation::LabelNode::LabelNode(std::__cxx11::basic_string<char, std::char_traits<char>, std::allocator<char> > const&, osgEarth::Symbology::Style const&)'
/home/ssamal/Downloads/omnetpp-5.0/samples/osg-earth/MobileNode.cc:95: undefined reference to `osgEarth::Symbology::Style::Style(std::__cxx11::basic_string<char, std::char_traits<char>, std::allocator<char> > const&)'
/home/ssamal/Downloads/omnetpp-5.0/samples/osg-earth/MobileNode.cc:96: undefined reference to `osgEarth::Symbology::Color::Color(std::__cxx11::basic_string<char, std::char_traits<char>, std::allocator<char> > const&, osgEarth::Symbology::Color::Format)'
/home/ssamal/Downloads/omnetpp-5.0/samples/osg-earth/MobileNode.cc:99: undefined reference to `osgEarth::Units::METERS'
/home/ssamal/Downloads/omnetpp-5.0/samples/osg-earth/MobileNode.cc:99: undefined reference to `osgEarth::Units::DEGREES'
/home/ssamal/Downloads/omnetpp-5.0/samples/osg-earth/MobileNode.cc:99: undefined reference to `osgEarth::Units::DEGREES'
/home/ssamal/Downloads/omnetpp-5.0/samples/osg-earth/MobileNode.cc:99: undefined reference to `osgEarth::GeoPoint::INVALID'
/home/ssamal/Downloads/omnetpp-5.0/samples/osg-earth/MobileNode.cc:99: undefined reference to `osgEarth::Annotation::CircleNode::CircleNode(osgEarth::MapNode*, osgEarth::GeoPoint const&, osgEarth::Distance const&, osgEarth::Symbology::Style const&, osgEarth::Angle const&, osgEarth::Angle const&, bool)'
/home/ssamal/Downloads/omnetpp-5.0/samples/osg-earth/MobileNode.cc:105: undefined reference to `osgEarth::Symbology::Color::Color(std::__cxx11::basic_string<char, std::char_traits<char>, std::allocator<char> > const&, osgEarth::Symbology::Color::Format)'
/home/ssamal/Downloads/omnetpp-5.0/samples/osg-earth/MobileNode.cc:109: undefined reference to `osgEarth::MapNode::getMapSRS() const'
/home/ssamal/Downloads/omnetpp-5.0/samples/osg-earth/MobileNode.cc:109: undefined reference to `osgEarth::SpatialReference::getGeographicSRS() const'
/home/ssamal/Downloads/omnetpp-5.0/samples/osg-earth/MobileNode.cc:110: undefined reference to `osgEarth::Symbology::Style::Style(std::__cxx11::basic_string<char, std::char_traits<char>, std::allocator<char> > const&)'
/home/ssamal/Downloads/omnetpp-5.0/samples/osg-earth/MobileNode.cc:110: undefined reference to `osgEarth::Features::Feature::Feature(osgEarth::Symbology::Geometry*, osgEarth::SpatialReference const*, osgEarth::Symbology::Style const&, unsigned long)'
/home/ssamal/Downloads/omnetpp-5.0/samples/osg-earth/MobileNode.cc:110: undefined reference to `osgEarth::Symbology::Style::Style(std::__cxx11::basic_string<char, std::char_traits<char>, std::allocator<char> > const&)'
/home/ssamal/Downloads/omnetpp-5.0/samples/osg-earth/MobileNode.cc:110: undefined reference to `osgEarth::Features::GeometryCompilerOptions::GeometryCompilerOptions(osgEarth::ConfigOptions const&)'
/home/ssamal/Downloads/omnetpp-5.0/samples/osg-earth/MobileNode.cc:110: undefined reference to `osgEarth::Annotation::FeatureNode::FeatureNode(osgEarth::MapNode*, osgEarth::Features::Feature*, osgEarth::Symbology::Style const&, osgEarth::Features::GeometryCompilerOptions const&)'
/home/ssamal/Downloads/omnetpp-5.0/samples/osg-earth/MobileNode.cc:110: undefined reference to `osgEarth::ConfigOptions::~ConfigOptions()'
/home/ssamal/Downloads/omnetpp-5.0/samples/osg-earth/MobileNode.cc:110: undefined reference to `osgEarth::Config::~Config()'
/home/ssamal/Downloads/omnetpp-5.0/samples/osg-earth/MobileNode.cc:115: undefined reference to `osgEarth::MapNode::getModelLayerGroup() const'
/home/ssamal/Downloads/omnetpp-5.0/samples/osg-earth/MobileNode.cc:110: undefined reference to `osgEarth::ConfigOptions::~ConfigOptions()'
/home/ssamal/Downloads/omnetpp-5.0/samples/osg-earth/MobileNode.cc:110: undefined reference to `osgEarth::Config::~Config()'
out/gcc-debug//MobileNode.o: In function `MobileNode::refreshDisplay() const':
/home/ssamal/Downloads/omnetpp-5.0/samples/osg-earth/MobileNode.cc:126: undefined reference to `osgEarth::MapNode::getMapSRS() const'
/home/ssamal/Downloads/omnetpp-5.0/samples/osg-earth/MobileNode.cc:126: undefined reference to `osgEarth::SpatialReference::getGeographicSRS() const'
/home/ssamal/Downloads/omnetpp-5.0/samples/osg-earth/MobileNode.cc:132: undefined reference to `osgEarth::Util::ObjectLocator::setPosition(osg::Vec3d const&)'
/home/ssamal/Downloads/omnetpp-5.0/samples/osg-earth/MobileNode.cc:133: undefined reference to `osgEarth::Util::ObjectLocator::setOrientation(osg::Vec3d const&)'
/home/ssamal/Downloads/omnetpp-5.0/samples/osg-earth/MobileNode.cc:137: undefined reference to `osgEarth::GeoPoint::GeoPoint(osgEarth::SpatialReference const*, double, double)'
/home/ssamal/Downloads/omnetpp-5.0/samples/osg-earth/MobileNode.cc:143: undefined reference to `osgEarth::Symbology::LineString::LineString(std::vector<osg::Vec3d, std::allocator<osg::Vec3d> > const*)'
/home/ssamal/Downloads/omnetpp-5.0/samples/osg-earth/MobileNode.cc:143: undefined reference to `osgEarth::Features::Feature::Feature(osgEarth::Symbology::Geometry*, osgEarth::SpatialReference const*, osgEarth::Symbology::Style const&, unsigned long)'
/home/ssamal/Downloads/omnetpp-5.0/samples/osg-earth/MobileNode.cc:145: undefined reference to `osgEarth::Annotation::FeatureNode::setFeature(osgEarth::Features::Feature*)'
out/gcc-debug//MobileNode.o: In function `omnetpp::cObjectOsgNode::~cObjectOsgNode()':
/home/ssamal/Downloads/omnetpp-5.0/include/omnetpp/osgutil.h:64: undefined reference to `osg::Group::~Group()'
out/gcc-debug//MobileNode.o: In function `omnetpp::cObjectOsgNode::cObjectOsgNode()':
/home/ssamal/Downloads/omnetpp-5.0/include/omnetpp/osgutil.h:67: undefined reference to `osg::Group::Group()'
out/gcc-debug//MobileNode.o: In function `omnetpp::cObjectOsgNode::cObjectOsgNode(omnetpp::cObject const*)':
/home/ssamal/Downloads/omnetpp-5.0/include/omnetpp/osgutil.h:68: undefined reference to `osg::Group::Group()'
/home/ssamal/Downloads/omnetpp-5.0/include/omnetpp/osgutil.h:68: undefined reference to `osg::Group::~Group()'
out/gcc-debug//MobileNode.o: In function `omnetpp::cObjectOsgNode::isSameKindAs(osg::Object const*) const':
/home/ssamal/Downloads/omnetpp-5.0/include/omnetpp/osgutil.h:70: undefined reference to `typeinfo for osg::Object'
out/gcc-debug//MobileNode.o: In function `omnetpp::cObjectOsgNode::cObjectOsgNode(omnetpp::cObjectOsgNode const&, osg::CopyOp const&)':
/home/ssamal/Downloads/omnetpp-5.0/include/omnetpp/osgutil.h:76: undefined reference to `osg::Group::Group(osg::Group const&, osg::CopyOp const&)'
out/gcc-debug//MobileNode.o: In function `osgEarth::Symbology::TextSymbol* osgEarth::Symbology::Style::getOrCreateSymbol<osgEarth::Symbology::TextSymbol>()':
/usr/include/osgEarthSymbology/Style:139: undefined reference to `osgEarth::Symbology::TextSymbol::TextSymbol(osgEarth::Config const&)'
/usr/include/osgEarthSymbology/Style:139: undefined reference to `osgEarth::Config::~Config()'
/usr/include/osgEarthSymbology/Style:140: undefined reference to `osgEarth::Symbology::Style::addSymbol(osgEarth::Symbology::Symbol*)'
/usr/include/osgEarthSymbology/Style:139: undefined reference to `osgEarth::Config::~Config()'
out/gcc-debug//MobileNode.o: In function `osgEarth::Symbology::TextSymbol* osgEarth::Symbology::Style::getSymbol<osgEarth::Symbology::TextSymbol>()':
/usr/include/osgEarthSymbology/Style:104: undefined reference to `typeinfo for osgEarth::Symbology::TextSymbol'
/usr/include/osgEarthSymbology/Style:104: undefined reference to `typeinfo for osgEarth::Symbology::Symbol'
out/gcc-debug//MobileNode.o:(.data.rel.ro._ZTVN7omnetpp14cObjectOsgNodeE[_ZTVN7omnetpp14cObjectOsgNodeE]+0x10): undefined reference to `osg::Group::setThreadSafeRefUnref(bool)'
out/gcc-debug//MobileNode.o:(.data.rel.ro._ZTVN7omnetpp14cObjectOsgNodeE[_ZTVN7omnetpp14cObjectOsgNodeE]+0xa0): undefined reference to `osg::Object::setUserData(osg::Referenced*)'
out/gcc-debug//MobileNode.o:(.data.rel.ro._ZTVN7omnetpp14cObjectOsgNodeE[_ZTVN7omnetpp14cObjectOsgNodeE]+0xa8): undefined reference to `osg::Object::getUserData()'
out/gcc-debug//MobileNode.o:(.data.rel.ro._ZTVN7omnetpp14cObjectOsgNodeE[_ZTVN7omnetpp14cObjectOsgNodeE]+0xb0): undefined reference to `osg::Object::getUserData() const'
out/gcc-debug//MobileNode.o:(.data.rel.ro._ZTVN7omnetpp14cObjectOsgNodeE[_ZTVN7omnetpp14cObjectOsgNodeE]+0xb8): undefined reference to `osg::Group::resizeGLObjectBuffers(unsigned int)'
out/gcc-debug//MobileNode.o:(.data.rel.ro._ZTVN7omnetpp14cObjectOsgNodeE[_ZTVN7omnetpp14cObjectOsgNodeE]+0xc0): undefined reference to `osg::Group::releaseGLObjects(osg::State*) const'
out/gcc-debug//MobileNode.o:(.data.rel.ro._ZTVN7omnetpp14cObjectOsgNodeE[_ZTVN7omnetpp14cObjectOsgNodeE]+0x150): undefined reference to `osg::Node::ascend(osg::NodeVisitor&)'
out/gcc-debug//MobileNode.o:(.data.rel.ro._ZTVN7omnetpp14cObjectOsgNodeE[_ZTVN7omnetpp14cObjectOsgNodeE]+0x158): undefined reference to `osg::Group::traverse(osg::NodeVisitor&)'
out/gcc-debug//MobileNode.o:(.data.rel.ro._ZTVN7omnetpp14cObjectOsgNodeE[_ZTVN7omnetpp14cObjectOsgNodeE]+0x160): undefined reference to `osg::Group::computeBound() const'
out/gcc-debug//MobileNode.o:(.data.rel.ro._ZTVN7omnetpp14cObjectOsgNodeE[_ZTVN7omnetpp14cObjectOsgNodeE]+0x168): undefined reference to `osg::Group::addChild(osg::Node*)'
out/gcc-debug//MobileNode.o:(.data.rel.ro._ZTVN7omnetpp14cObjectOsgNodeE[_ZTVN7omnetpp14cObjectOsgNodeE]+0x170): undefined reference to `osg::Group::insertChild(unsigned int, osg::Node*)'
out/gcc-debug//MobileNode.o:(.data.rel.ro._ZTVN7omnetpp14cObjectOsgNodeE[_ZTVN7omnetpp14cObjectOsgNodeE]+0x178): undefined reference to `osg::Group::removeChild(osg::Node*)'
out/gcc-debug//MobileNode.o:(.data.rel.ro._ZTVN7omnetpp14cObjectOsgNodeE[_ZTVN7omnetpp14cObjectOsgNodeE]+0x180): undefined reference to `osg::Group::removeChildren(unsigned int, unsigned int)'
out/gcc-debug//MobileNode.o:(.data.rel.ro._ZTVN7omnetpp14cObjectOsgNodeE[_ZTVN7omnetpp14cObjectOsgNodeE]+0x188): undefined reference to `osg::Group::replaceChild(osg::Node*, osg::Node*)'
out/gcc-debug//MobileNode.o:(.data.rel.ro._ZTVN7omnetpp14cObjectOsgNodeE[_ZTVN7omnetpp14cObjectOsgNodeE]+0x190): undefined reference to `osg::Group::getNumChildren() const'
out/gcc-debug//MobileNode.o:(.data.rel.ro._ZTVN7omnetpp14cObjectOsgNodeE[_ZTVN7omnetpp14cObjectOsgNodeE]+0x198): undefined reference to `osg::Group::setChild(unsigned int, osg::Node*)'
out/gcc-debug//MobileNode.o:(.data.rel.ro._ZTIN7omnetpp14cObjectOsgNodeE[_ZTIN7omnetpp14cObjectOsgNodeE]+0x10): undefined reference to `typeinfo for osg::Group'
collect2: error: ld returned 1 exit status
make: *** [out/gcc-debug//osg-earth] Error 1

14:30:11 Build Finished (took 417ms)

