13:53:22 **** Build of configuration gcc-debug for project simplerouting ****
make MODE=debug CONFIGNAME=gcc-debug all 
cd src && make
make[1]: Entering directory '/home/ssamal/Downloads/omnetpp-5.0/samples/simplerouting/src'
txc13.cc
In file included from txc13.cc:24:0:
tictoc13_m.h:13:6: error: #error Version mismatch! Probably this file was generated by an earlier version of nedtool: 'make clean' should help.
 #    error Version mismatch! Probably this file was generated by an earlier version of nedtool: 'make clean' should help.
      ^~~~~
In file included from txc13.cc:24:0:
tictoc13_m.h:30:1: error: expected class-name before ‘{’ token
 {
 ^
tictoc13_m.h:49:29: error: ‘cCommBuffer’ has not been declared
     virtual void parsimPack(cCommBuffer *b);
                             ^~~~~~~~~~~
tictoc13_m.h:50:31: error: ‘cCommBuffer’ has not been declared
     virtual void parsimUnpack(cCommBuffer *b);
                               ^~~~~~~~~~~
tictoc13_m.h:61:23: error: variable or field ‘doPacking’ declared void
 inline void doPacking(cCommBuffer *b, TicTocMsg13& obj) {obj.parsimPack(b);}
                       ^~~~~~~~~~~
tictoc13_m.h:61:23: error: ‘cCommBuffer’ was not declared in this scope
tictoc13_m.h:61:23: note: suggested alternative:
In file included from /home/ssamal/Downloads/omnetpp-5.0/include/omnetpp.h:25:0,
                 from txc13.cc:23:
/home/ssamal/Downloads/omnetpp-5.0/include/omnetpp/ccommbuffer.h:41:15: note:   ‘omnetpp::cCommBuffer’
 class SIM_API cCommBuffer : public cObject
               ^~~~~~~~~~~
In file included from txc13.cc:24:0:
tictoc13_m.h:61:36: error: ‘b’ was not declared in this scope
 inline void doPacking(cCommBuffer *b, TicTocMsg13& obj) {obj.parsimPack(b);}
                                    ^
tictoc13_m.h:61:50: error: expected primary-expression before ‘&’ token
 inline void doPacking(cCommBuffer *b, TicTocMsg13& obj) {obj.parsimPack(b);}
                                                  ^
tictoc13_m.h:61:52: error: ‘obj’ was not declared in this scope
 inline void doPacking(cCommBuffer *b, TicTocMsg13& obj) {obj.parsimPack(b);}
                                                    ^~~
tictoc13_m.h:62:25: error: variable or field ‘doUnpacking’ declared void
 inline void doUnpacking(cCommBuffer *b, TicTocMsg13& obj) {obj.parsimUnpack(b);}
                         ^~~~~~~~~~~
tictoc13_m.h:62:25: error: ‘cCommBuffer’ was not declared in this scope
tictoc13_m.h:62:25: note: suggested alternative:
In file included from /home/ssamal/Downloads/omnetpp-5.0/include/omnetpp.h:25:0,
                 from txc13.cc:23:
/home/ssamal/Downloads/omnetpp-5.0/include/omnetpp/ccommbuffer.h:41:15: note:   ‘omnetpp::cCommBuffer’
 class SIM_API cCommBuffer : public cObject
               ^~~~~~~~~~~
In file included from txc13.cc:24:0:
tictoc13_m.h:62:38: error: ‘b’ was not declared in this scope
 inline void doUnpacking(cCommBuffer *b, TicTocMsg13& obj) {obj.parsimUnpack(b);}
                                      ^
tictoc13_m.h:62:52: error: expected primary-expression before ‘&’ token
 inline void doUnpacking(cCommBuffer *b, TicTocMsg13& obj) {obj.parsimUnpack(b);}
                                                    ^
tictoc13_m.h:62:54: error: ‘obj’ was not declared in this scope
 inline void doUnpacking(cCommBuffer *b, TicTocMsg13& obj) {obj.parsimUnpack(b);}
                                                      ^~~
txc13.cc:27:1: error: expected class-name before ‘{’ token
 {
 ^
txc13.cc:31:5: error: ‘cLongHistogram’ does not name a type
     cLongHistogram hopCountStats;
     ^~~~~~~~~~~~~~
txc13.cc:32:5: error: ‘cOutVector’ does not name a type
     cOutVector hopCountVector;
     ^~~~~~~~~~
txc13.cc:39:32: error: ‘cMessage’ has not been declared
     virtual void handleMessage(cMessage *msg);
                                ^~~~~~~~
In file included from /home/ssamal/Downloads/omnetpp-5.0/include/omnetpp/cobject.h:26:0,
                 from /home/ssamal/Downloads/omnetpp-5.0/include/omnetpp/cnamedobject.h:23,
                 from /home/ssamal/Downloads/omnetpp-5.0/include/omnetpp/cownedobject.h:23,
                 from /home/ssamal/Downloads/omnetpp-5.0/include/omnetpp/carray.h:19,
                 from /home/ssamal/Downloads/omnetpp-5.0/include/omnetpp.h:21,
                 from txc13.cc:23:
txc13.cc: In function ‘omnetpp::cObject* __factoryfunc_43()’:
txc13.cc:43:15: error: cannot convert ‘Txc13*’ to ‘omnetpp::cModule*’ in initialization
 Define_Module(Txc13);
               ^
/home/ssamal/Downloads/omnetpp-5.0/include/omnetpp/regmacros.h:144:92: note: in definition of macro ‘__REGISTER_CLASS’
   static omnetpp::cObject *MAKE_UNIQUE_WITHIN_FILE(__factoryfunc_)() {BASECLASS *ret = new CLASSNAME; return ret; } \
                                                                                            ^~~~~~~~~
txc13.cc:43:1: note: in expansion of macro ‘Define_Module’
 Define_Module(Txc13);
 ^~~~~~~~~~~~~
txc13.cc: In member function ‘virtual void Txc13::initialize()’:
txc13.cc:54:23: error: ‘par’ was not declared in this scope
   rt[0] = par("route0");
                       ^
txc13.cc:61:3: error: ‘hopCountStats’ was not declared in this scope
   hopCountStats.setName("hopCountStats");
   ^~~~~~~~~~~~~
txc13.cc:63:3: error: ‘hopCountVector’ was not declared in this scope
   hopCountVector.setName("HopCount");
   ^~~~~~~~~~~~~~
txc13.cc:66:16: error: ‘getIndex’ was not declared in this scope
   if (getIndex()==0)
                ^
txc13.cc:70:26: error: ‘scheduleAt’ was not declared in this scope
       scheduleAt(0.0, msg);
                          ^
txc13.cc: At global scope:
txc13.cc:74:27: error: variable or field ‘handleMessage’ declared void
 void Txc13::handleMessage(cMessage *msg)
                           ^~~~~~~~
txc13.cc:74:27: error: ‘cMessage’ was not declared in this scope
txc13.cc:74:27: note: suggested alternative:
In file included from /home/ssamal/Downloads/omnetpp-5.0/include/omnetpp/cchannel.h:21:0,
                 from /home/ssamal/Downloads/omnetpp-5.0/include/omnetpp.h:28,
                 from txc13.cc:23:
/home/ssamal/Downloads/omnetpp-5.0/include/omnetpp/cmessage.h:95:15: note:   ‘omnetpp::cMessage’
 class SIM_API cMessage : public cEvent
               ^~~~~~~~
txc13.cc:74:37: error: ‘msg’ was not declared in this scope
 void Txc13::handleMessage(cMessage *msg)
                                     ^~~
Makefile:99: recipe for target '../out/gcc-debug/src/txc13.o' failed
make[1]: *** [../out/gcc-debug/src/txc13.o] Error 1
make[1]: Leaving directory '/home/ssamal/Downloads/omnetpp-5.0/samples/simplerouting/src'
make: *** [all] Error 2
Makefile:2: recipe for target 'all' failed

13:53:23 Build Finished (took 953ms)

